GET_QUESTIONS: curr=None, sub=None, yr=None, mth=None, diff=None, cat=None, name=None, id=None
GET_QUESTIONS: curr=None, sub=None, yr=None, mth=None, diff=None, cat=None, name=None, id=3
GET_QUESTIONS: curr=None, sub=None, yr=None, mth=None, diff=None, cat=None, name=None, id=None
GET_QUESTIONS: curr=A-Level, sub=None, yr=None, mth=None, diff=None, cat=None, name=None, id=None
GET_QUESTIONS: curr=None, sub=None, yr=None, mth=None, diff=None, cat=None, name=None, id=None
GET_QUESTIONS: curr=None, sub=None, yr=None, mth=None, diff=None, cat=None, name=None, id=None
GET_QUESTIONS: curr=None, sub=None, yr=None, mth=None, diff=None, cat=None, name=None, id=None
GET_QUESTIONS: curr=None, sub=None, yr=None, mth=None, diff=None, cat=None, name=None, id=None
GET_QUESTIONS: curr=None, sub=None, yr=None, mth=None, diff=None, cat=None, name=None, id=None
GET_QUESTIONS: curr=None, sub=None, yr=None, mth=None, diff=None, cat=None, name=None, id=None
GET_QUESTIONS: curr=None, sub=None, yr=None, mth=None, diff=None, cat=None, name=None, id=None
GET_QUESTIONS: curr=None, sub=None, yr=None, mth=None, diff=None, cat=None, name=None, id=None
GET_QUESTIONS: curr=None, sub=None, yr=None, mth=None, diff=None, cat=None, name=None, id=None
GET_QUESTIONS: curr=A-Level, sub=None, yr=None, mth=None, diff=None, cat=None, name=None, id=None
GET_QUESTIONS: curr=A-Level, sub=None, yr=None, mth=None, diff=None, cat=None, name=None, id=None
GET_QUESTIONS: curr=None, sub=None, yr=None, mth=None, diff=None, cat=None, name=None, id=None
GET_QUESTIONS: curr=None, sub=None, yr=None, mth=None, diff=None, cat=None, name=None, id=None
GET_QUESTIONS: curr=None, sub=None, yr=None, mth=None, diff=None, cat=None, name=None, id=None
GET_QUESTIONS: curr=None, sub=None, yr=None, mth=None, diff=None, cat=None, name=None, id=None
GET_QUESTIONS: curr=None, sub=None, yr=None, mth=None, diff=None, cat=None, name=None, id=None
GET_QUESTIONS: curr=None, sub=None, yr=None, mth=None, diff=None, cat=None, name=None, id=None
GET_QUESTIONS: curr=None, sub=None, yr=None, mth=None, diff=None, cat=None, name=None, id=None, paper=None, topic=None, subtopic=None, qtype=None
GET_QUESTIONS: curr=None, sub=None, yr=None, mth=None, diff=None, cat=None, name=None, id=None, paper=None, topic=None, subtopic=None, qtype=Calculation
GET_QUESTIONS: curr=None, sub=None, yr=None, mth=None, diff=None, cat=None, name=None, id=None, paper=None, topic=None, subtopic=None, qtype=None
GET_QUESTIONS: curr=None, sub=None, yr=None, mth=None, diff=None, cat=None, name=None, id=None, paper=None, topic=None, subtopic=None, qtype=None
GET_QUESTIONS: curr=None, sub=None, yr=None, mth=None, diff=None, cat=None, name=None, id=None, paper=None, topic=None, subtopic=None, qtype=None
GET_QUESTIONS: curr=None, sub=None, yr=None, mth=None, diff=None, cat=None, name=None, id=None, paper=None, topic=None, subtopic=None, qtype=None
GET_QUESTIONS: curr=None, sub=None, yr=None, mth=None, diff=None, cat=None, name=None, id=None, paper=None, topic=None, subtopic=None, qtype=None
GET_QUESTIONS: curr=None, sub=None, yr=None, mth=None, diff=None, cat=None, name=None, id=None, paper=None, topic=None, subtopic=None, qtype=None
GET_QUESTIONS: curr=None, sub=None, yr=None, mth=None, diff=None, cat=None, name=None, id=None, paper=None, topic=None, subtopic=None, qtype=None
GET_QUESTIONS: curr=None, sub=None, yr=None, mth=None, diff=None, cat=None, name=None, id=None, paper=None, topic=None, subtopic=None, qtype=None
GET_QUESTIONS: curr=None, sub=None, yr=None, mth=None, diff=None, cat=None, name=None, id=None, paper=None, topic=None, subtopic=None, qtype=None
GET_QUESTIONS: curr=None, sub=None, yr=None, mth=None, diff=None, cat=None, name=None, id=None, paper=None, topic=None, subtopic=None, qtype=None
GET_QUESTIONS: curr=None, sub=None, yr=None, mth=None, diff=None, cat=None, name=None, id=None, paper=None, topic=None, subtopic=None, qtype=None
GET_QUESTIONS: curr=None, sub=None, yr=None, mth=Spring, diff=None, cat=None, name=None, id=None, paper=None, topic=None, subtopic=None, qtype=None
GET_QUESTIONS: curr=None, sub=None, yr=None, mth=None, diff=None, cat=None, name=None, id=None, paper=None, topic=None, subtopic=None, qtype=None
GET_QUESTIONS: curr=None, sub=None, yr=None, mth=None, diff=None, cat=None, name=None, id=None, paper=None, topic=None, subtopic=None, qtype=None
GET_QUESTIONS: curr=None, sub=None, yr=None, mth=None, diff=None, cat=None, name=None, id=None, paper=None, topic=None, subtopic=None, qtype=None
GET_QUESTIONS: curr=None, sub=None, yr=None, mth=None, diff=None, cat=None, name=None, id=None, paper=None, topic=None, subtopic=None, qtype=None
GET_QUESTIONS: curr=None, sub=None, yr=None, mth=None, diff=None, cat=None, name=None, id=None, paper=None, topic=None, subtopic=None, qtype=None
GET_QUESTIONS: curr=ALEVEL-CIE, sub=None, yr=None, mth=None, diff=None, cat=None, name=None, id=None, paper=None, topic=None, subtopic=None, qtype=None
GET_QUESTIONS: curr=ALEVEL-CIE, sub=math, yr=None, mth=None, diff=None, cat=None, name=None, id=None, paper=None, topic=None, subtopic=None, qtype=None
GET_QUESTIONS: curr=ALEVEL-CIE, sub=math, yr=None, mth=None, diff=None, cat=None, name=None, id=None, paper=P3, topic=None, subtopic=None, qtype=None
GET_QUESTIONS: curr=ALEVEL-CIE, sub=math, yr=None, mth=None, diff=None, cat=None, name=None, id=None, paper=P3, topic=Algebra, subtopic=None, qtype=None
GET_QUESTIONS: curr=ALEVEL-CIE, sub=math, yr=None, mth=None, diff=None, cat=None, name=None, id=None, paper=P3, topic=Complex numbers, subtopic=None, qtype=None
GET_QUESTIONS: curr=ALEVEL-CIE, sub=math, yr=None, mth=None, diff=None, cat=None, name=None, id=None, paper=P3, topic=Complex numbers, subtopic=Partial Fractions, qtype=None
GET_QUESTIONS: curr=ALEVEL-CIE, sub=math, yr=None, mth=None, diff=None, cat=None, name=None, id=None, paper=P3, topic=None, subtopic=Partial Fractions, qtype=None
GET_QUESTIONS: curr=ALEVEL-CIE, sub=math, yr=None, mth=None, diff=None, cat=None, name=None, id=None, paper=P3, topic=None, subtopic=None, qtype=None
GET_QUESTIONS: curr=ALEVEL-CIE, sub=math, yr=None, mth=None, diff=None, cat=None, name=None, id=None, paper=P3, topic=Algebra, subtopic=None, qtype=None
GET_QUESTIONS: curr=ALEVEL-CIE, sub=math, yr=None, mth=None, diff=None, cat=None, name=None, id=None, paper=P3, topic=Complex numbers, subtopic=None, qtype=None
GET_QUESTIONS: curr=ALEVEL-CIE, sub=math, yr=None, mth=None, diff=None, cat=None, name=None, id=None, paper=P3, topic=Differential equations, subtopic=None, qtype=None
GET_QUESTIONS: curr=None, sub=None, yr=None, mth=None, diff=None, cat=None, name=None, id=None, paper=None, topic=None, subtopic=None, qtype=None
GET_QUESTIONS: curr=None, sub=None, yr=None, mth=None, diff=None, cat=None, name=None, id=None, paper=None, topic=None, subtopic=None, qtype=None
GET_QUESTIONS: curr=None, sub=None, yr=None, mth=None, diff=None, cat=None, name=None, id=None, paper=None, topic=None, subtopic=None, qtype=None
GET_QUESTIONS: curr=ALEVEL-CIE, sub=None, yr=None, mth=None, diff=None, cat=None, name=None, id=None, paper=None, topic=None, subtopic=None, qtype=None
GET_QUESTIONS: curr=ALEVEL-CIE, sub=math, yr=None, mth=None, diff=None, cat=None, name=None, id=None, paper=None, topic=None, subtopic=None, qtype=None
GET_QUESTIONS: curr=ALEVEL-CIE, sub=math, yr=None, mth=None, diff=None, cat=None, name=None, id=None, paper=P3, topic=None, subtopic=None, qtype=None
GET_QUESTIONS: curr=ALEVEL-CIE, sub=math, yr=None, mth=None, diff=None, cat=None, name=None, id=None, paper=P3, topic=None, subtopic=None, qtype=Calculation
GET_QUESTIONS: curr=ALEVEL-CIE, sub=math, yr=None, mth=None, diff=None, cat=None, name=None, id=None, paper=P3, topic=None, subtopic=None, qtype=None
GET_QUESTIONS: curr=ALEVEL-CIE, sub=math, yr=2022, mth=None, diff=None, cat=None, name=None, id=None, paper=P3, topic=None, subtopic=None, qtype=None
GET_QUESTIONS: curr=ALEVEL-CIE, sub=math, yr=2022, mth=11, diff=None, cat=None, name=None, id=None, paper=P3, topic=None, subtopic=None, qtype=None
GET_QUESTIONS: curr=ALEVEL-CIE, sub=math, yr=2022, mth=11, diff=None, cat=None, name=None, id=None, paper=P3, topic=Complex numbers, subtopic=None, qtype=None
GET_QUESTIONS: curr=ALEVEL-CIE, sub=math, yr=2022, mth=11, diff=None, cat=None, name=None, id=None, paper=P3, topic=Complex numbers, subtopic=Logarithms/Indices/eˣ/ln x, qtype=None
GET_QUESTIONS: curr=None, sub=None, yr=None, mth=None, diff=None, cat=None, name=None, id=None, paper=None, topic=None, subtopic=None, qtype=None
GET_QUESTIONS: curr=None, sub=None, yr=None, mth=None, diff=None, cat=None, name=None, id=None, paper=None, topic=['Logarithmic and exponential functions', 'Differential equations'], subtopic=None, qtype=None
GET_QUESTIONS: curr=None, sub=None, yr=None, mth=None, diff=None, cat=None, name=None, id=None, paper=None, topic=None, subtopic=None, qtype=None
GET_QUESTIONS: curr=None, sub=None, yr=None, mth=None, diff=None, cat=None, name=None, id=None, paper=None, topic=None, subtopic=None, qtype=None
GET_QUESTIONS: curr=None, sub=None, yr=None, mth=None, diff=None, cat=None, name=None, id=None, paper=None, topic=None, subtopic=None, qtype=None
GET_QUESTIONS: curr=None, sub=None, yr=None, mth=None, diff=None, cat=None, name=None, id=None, paper=None, topic=None, subtopic=None, qtype=None
GET_QUESTIONS: curr=None, sub=None, yr=None, mth=None, diff=None, cat=None, name=None, id=None, paper=None, topic=None, subtopic=None, qtype=None
GET_QUESTIONS: curr=None, sub=None, yr=None, mth=None, diff=None, cat=None, name=None, id=None, paper=None, topic=None, subtopic=None, qtype=None
GET_QUESTIONS: curr=ALEVEL-CIE, sub=None, yr=None, mth=None, diff=None, cat=None, name=None, id=None, paper=None, topic=None, subtopic=None, qtype=None
GET_QUESTIONS: curr=ALEVEL-CIE, sub=None, yr=None, mth=None, diff=None, cat=None, name=None, id=None, paper=None, topic=None, subtopic=None, qtype=None
GET_QUESTIONS: curr=ALEVEL-CIE, sub=None, yr=None, mth=None, diff=None, cat=None, name=None, id=None, paper=None, topic=None, subtopic=None, qtype=None
GET_QUESTIONS: curr=ALEVEL-CIE, sub=math, yr=None, mth=None, diff=None, cat=None, name=None, id=None, paper=None, topic=None, subtopic=None, qtype=None
GET_QUESTIONS: curr=ALEVEL-CIE, sub=math, yr=None, mth=None, diff=None, cat=None, name=None, id=None, paper=None, topic=None, subtopic=None, qtype=None
GET_QUESTIONS: curr=ALEVEL-CIE, sub=math, yr=None, mth=None, diff=None, cat=None, name=None, id=None, paper=None, topic=None, subtopic=None, qtype=None
GET_QUESTIONS: curr=ALEVEL-CIE, sub=math, yr=None, mth=None, diff=None, cat=None, name=None, id=None, paper=None, topic=['Differential equations'], subtopic=None, qtype=None
GET_QUESTIONS: curr=ALEVEL-CIE, sub=math, yr=None, mth=None, diff=None, cat=None, name=None, id=None, paper=None, topic=['Differential equations', 'Differentiation'], subtopic=None, qtype=None
GET_QUESTIONS: curr=ALEVEL-CIE, sub=math, yr=None, mth=None, diff=None, cat=None, name=None, id=None, paper=None, topic=['Differential equations'], subtopic=None, qtype=None
GET_QUESTIONS: curr=ALEVEL-CIE, sub=math, yr=None, mth=None, diff=None, cat=None, name=None, id=None, paper=None, topic=None, subtopic=None, qtype=None
GET_QUESTIONS: curr=ALEVEL-CIE, sub=math, yr=None, mth=None, diff=None, cat=None, name=None, id=None, paper=None, topic=['Vectors'], subtopic=None, qtype=None
GET_QUESTIONS: curr=ALEVEL-CIE, sub=math, yr=None, mth=None, diff=None, cat=None, name=None, id=None, paper=None, topic=['Vectors', 'Numerical solution of equations'], subtopic=None, qtype=None
GET_QUESTIONS: curr=ALEVEL-CIE, sub=math, yr=None, mth=None, diff=None, cat=None, name=None, id=None, paper=None, topic=['Numerical solution of equations'], subtopic=None, qtype=None
GET_QUESTIONS: curr=ALEVEL-CIE, sub=math, yr=None, mth=None, diff=None, cat=None, name=None, id=None, paper=None, topic=['Numerical solution of equations'], subtopic=['Loci and Inequalities'], qtype=None
GET_QUESTIONS: curr=ALEVEL-CIE, sub=math, yr=None, mth=None, diff=None, cat=None, name=None, id=None, paper=None, topic=['Numerical solution of equations'], subtopic=None, qtype=None
GET_QUESTIONS: curr=ALEVEL-CIE, sub=math, yr=None, mth=None, diff=None, cat=None, name=None, id=None, paper=None, topic=None, subtopic=None, qtype=None
GET_QUESTIONS: curr=ALEVEL-CIE, sub=math, yr=None, mth=None, diff=None, cat=None, name=None, id=None, paper=None, topic=['Complex numbers'], subtopic=None, qtype=None
GET_QUESTIONS: curr=None, sub=None, yr=None, mth=None, diff=None, cat=None, name=None, id=None, paper=None, topic=None, subtopic=None, qtype=None
GET_QUESTIONS: curr=None, sub=None, yr=None, mth=None, diff=None, cat=None, name=None, id=None, paper=None, topic=None, subtopic=None, qtype=None
GET_QUESTIONS: curr=None, sub=None, yr=None, mth=None, diff=None, cat=None, name=None, id=None, paper=None, topic=['Algebra'], subtopic=None, qtype=None
GET_QUESTIONS: curr=None, sub=None, yr=None, mth=None, diff=None, cat=None, name=None, id=None, paper=None, topic=['Algebra'], subtopic=['Binomial Expansion (Rational n)', 'Partial Fractions'], qtype=None
GET_QUESTIONS: curr=None, sub=None, yr=None, mth=None, diff=None, cat=None, name=None, id=None, paper=None, topic=['Algebra'], subtopic=['Partial Fractions'], qtype=None
GET_QUESTIONS: curr=None, sub=None, yr=None, mth=None, diff=None, cat=None, name=None, id=None, paper=None, topic=['Algebra'], subtopic=None, qtype=None
GET_QUESTIONS: curr=None, sub=None, yr=None, mth=None, diff=None, cat=None, name=None, id=None, paper=None, topic=['Algebra'], subtopic=['Partial Fractions'], qtype=None
GET_QUESTIONS: curr=None, sub=None, yr=None, mth=None, diff=None, cat=None, name=None, id=None, paper=None, topic=['Algebra'], subtopic=None, qtype=None
GET_QUESTIONS: curr=None, sub=None, yr=None, mth=None, diff=None, cat=None, name=None, id=None, paper=None, topic=['Algebra'], subtopic=['Binomial Expansion (Rational n)'], qtype=None
GET_QUESTIONS: curr=None, sub=None, yr=None, mth=None, diff=None, cat=None, name=None, id=None, paper=None, topic=['Algebra'], subtopic=None, qtype=None
GET_QUESTIONS: curr=None, sub=None, yr=None, mth=None, diff=None, cat=None, name=None, id=None, paper=None, topic=['Algebra', 'Complex numbers'], subtopic=None, qtype=None
GET_QUESTIONS: curr=None, sub=None, yr=None, mth=None, diff=None, cat=None, name=None, id=None, paper=None, topic=['Algebra', 'Complex numbers'], subtopic=None, qtype=None
GET_QUESTIONS: curr=None, sub=None, yr=None, mth=None, diff=None, cat=None, name=None, id=None, paper=None, topic=['Algebra', 'Complex numbers'], subtopic=None, qtype=None
GET_QUESTIONS: curr=None, sub=None, yr=None, mth=None, diff=None, cat=None, name=None, id=None, paper=None, topic=['Algebra', 'Complex numbers'], subtopic=['Binomial Expansion (Rational n)', 'Cartesian Operations', 'Loci and Inequalities', 'Partial Fractions'], qtype=None
GET_QUESTIONS: curr=None, sub=None, yr=None, mth=None, diff=None, cat=None, name=None, id=None, paper=None, topic=['Algebra', 'Complex numbers'], subtopic=None, qtype=None
GET_QUESTIONS: curr=None, sub=None, yr=None, mth=None, diff=None, cat=None, name=None, id=None, paper=None, topic=['Algebra', 'Complex numbers'], subtopic=['Binomial Expansion (Rational n)'], qtype=None
GET_QUESTIONS: curr=None, sub=None, yr=None, mth=None, diff=None, cat=None, name=None, id=None, paper=None, topic=['Algebra', 'Complex numbers'], subtopic=None, qtype=None
GET_QUESTIONS: curr=None, sub=None, yr=None, mth=None, diff=None, cat=None, name=None, id=None, paper=None, topic=['Algebra', 'Complex numbers'], subtopic=['Cartesian Operations'], qtype=None
GET_QUESTIONS: curr=None, sub=None, yr=None, mth=None, diff=None, cat=None, name=None, id=None, paper=None, topic=['Algebra', 'Complex numbers'], subtopic=None, qtype=None
GET_QUESTIONS: curr=None, sub=None, yr=None, mth=None, diff=None, cat=None, name=None, id=None, paper=None, topic=['Algebra', 'Complex numbers'], subtopic=['Loci and Inequalities'], qtype=None
GET_QUESTIONS: curr=None, sub=None, yr=None, mth=None, diff=None, cat=None, name=None, id=None, paper=None, topic=['Algebra', 'Complex numbers'], subtopic=None, qtype=None
GET_QUESTIONS: curr=None, sub=None, yr=None, mth=None, diff=None, cat=None, name=None, id=None, paper=None, topic=['Algebra', 'Complex numbers'], subtopic=['Partial Fractions'], qtype=None
GET_QUESTIONS: curr=None, sub=None, yr=None, mth=None, diff=None, cat=None, name=None, id=None, paper=None, topic=['Algebra', 'Complex numbers'], subtopic=['Partial Fractions', 'Loci and Inequalities'], qtype=None
GET_QUESTIONS: curr=None, sub=None, yr=None, mth=None, diff=None, cat=None, name=None, id=None, paper=None, topic=['Algebra', 'Complex numbers'], subtopic=['Partial Fractions', 'Loci and Inequalities', 'Cartesian Operations'], qtype=None
GET_QUESTIONS: curr=None, sub=None, yr=None, mth=None, diff=None, cat=None, name=None, id=None, paper=None, topic=['Algebra', 'Complex numbers'], subtopic=['Partial Fractions', 'Loci and Inequalities', 'Cartesian Operations', 'Binomial Expansion (Rational n)'], qtype=None
